2011-09-15 12:21:31,067 -- repoze.who request started (/tracks/new) --
2011-09-15 12:21:31,067 request classification: browser
2011-09-15 12:21:31,067 identifier plugins registered [<pygdv.lib.auth_plugin.CustomCommandLinePlugin object at 0x2dfb150>, <CustomCookiePlugin 25629200>]
2011-09-15 12:21:31,067 identifier plugins matched for classification "browser": [<CustomCookiePlugin 25629200>]
2011-09-15 12:21:31,067 identity returned from <CustomCookiePlugin 25629200>: {'tokens': ['G', 'D', 'V'], 'timestamp': 1316080992, 'repoze.who.userid': 'yohan.jarosz@epfl.ch', 'userdata': '1'}
2011-09-15 12:21:31,067 identities found: [(<CustomCookiePlugin 25629200>, {'tokens': ['G', 'D', 'V'], 'timestamp': 1316080992, 'repoze.who.userid': 'yohan.jarosz@epfl.ch', 'userdata': '1'})]
2011-09-15 12:21:31,068 authenticator plugins registered [<CustomAuthPlugin 30427344>]
2011-09-15 12:21:31,068 authenticator plugins matched for classification "browser": [<CustomAuthPlugin 30427344>]
2011-09-15 12:21:31,068 userid preauthenticated by <CustomCookiePlugin 25629200>: "yohan.jarosz@epfl.ch" (repoze.who.userid set)
2011-09-15 12:21:31,068 identities authenticated: [((0, 0), None, <CustomCookiePlugin 25629200>, {'tokens': ['G', 'D', 'V'], 'timestamp': 1316080992, 'repoze.who.userid': 'yohan.jarosz@epfl.ch', 'userdata': '1'}, 'yohan.jarosz@epfl.ch')]
2011-09-15 12:21:31,122 User belongs to the following groups: (1, 2)
2011-09-15 12:21:31,122 User has the following permissions: (u'admin', u'user')
2011-09-15 12:21:31,181 Authorization granted
2011-09-15 12:21:31,182 Authorization granted
2011-09-15 12:21:31,289 no challenge required
2011-09-15 12:21:31,289 -- repoze.who request ended (/tracks/new) --
2011-09-15 12:21:36,320 -- repoze.who request started (/tracks/) --
2011-09-15 12:21:36,320 request classification: browser
2011-09-15 12:21:36,321 identifier plugins registered [<pygdv.lib.auth_plugin.CustomCommandLinePlugin object at 0x2dfb150>, <CustomCookiePlugin 25629200>]
2011-09-15 12:21:36,321 identifier plugins matched for classification "browser": [<CustomCookiePlugin 25629200>]
2011-09-15 12:21:36,321 identity returned from <CustomCookiePlugin 25629200>: {'tokens': ['G', 'D', 'V'], 'timestamp': 1316080992, 'repoze.who.userid': 'yohan.jarosz@epfl.ch', 'userdata': '1'}
2011-09-15 12:21:36,321 identities found: [(<CustomCookiePlugin 25629200>, {'tokens': ['G', 'D', 'V'], 'timestamp': 1316080992, 'repoze.who.userid': 'yohan.jarosz@epfl.ch', 'userdata': '1'})]
2011-09-15 12:21:36,321 authenticator plugins registered [<CustomAuthPlugin 30427344>]
2011-09-15 12:21:36,321 authenticator plugins matched for classification "browser": [<CustomAuthPlugin 30427344>]
2011-09-15 12:21:36,322 userid preauthenticated by <CustomCookiePlugin 25629200>: "yohan.jarosz@epfl.ch" (repoze.who.userid set)
2011-09-15 12:21:36,322 identities authenticated: [((0, 0), None, <CustomCookiePlugin 25629200>, {'tokens': ['G', 'D', 'V'], 'timestamp': 1316080992, 'repoze.who.userid': 'yohan.jarosz@epfl.ch', 'userdata': '1'}, 'yohan.jarosz@epfl.ch')]
2011-09-15 12:21:36,335 User belongs to the following groups: (1, 2)
2011-09-15 12:21:36,335 User has the following permissions: (u'admin', u'user')
2011-09-15 12:21:36,340 Authorization granted
2011-09-15 12:21:36,812 no challenge required
2011-09-15 12:21:36,812 -- repoze.who request ended (/tracks/) --
2011-09-15 12:21:36,846 -- repoze.who request started (/_debug/media/pylons/img/pylons-tower120.png) --
2011-09-15 12:21:36,847 request classification: browser
2011-09-15 12:21:36,847 identifier plugins registered [<pygdv.lib.auth_plugin.CustomCommandLinePlugin object at 0x2dfb150>, <CustomCookiePlugin 25629200>]
2011-09-15 12:21:36,847 identifier plugins matched for classification "browser": [<CustomCookiePlugin 25629200>]
2011-09-15 12:21:36,847 identity returned from <CustomCookiePlugin 25629200>: {'tokens': ['G', 'D', 'V'], 'timestamp': 1316080992, 'repoze.who.userid': 'yohan.jarosz@epfl.ch', 'userdata': '1'}
2011-09-15 12:21:36,847 identities found: [(<CustomCookiePlugin 25629200>, {'tokens': ['G', 'D', 'V'], 'timestamp': 1316080992, 'repoze.who.userid': 'yohan.jarosz@epfl.ch', 'userdata': '1'})]
2011-09-15 12:21:36,847 authenticator plugins registered [<CustomAuthPlugin 30427344>]
2011-09-15 12:21:36,847 authenticator plugins matched for classification "browser": [<CustomAuthPlugin 30427344>]
2011-09-15 12:21:36,847 userid preauthenticated by <CustomCookiePlugin 25629200>: "yohan.jarosz@epfl.ch" (repoze.who.userid set)
2011-09-15 12:21:36,848 identities authenticated: [((0, 0), None, <CustomCookiePlugin 25629200>, {'tokens': ['G', 'D', 'V'], 'timestamp': 1316080992, 'repoze.who.userid': 'yohan.jarosz@epfl.ch', 'userdata': '1'}, 'yohan.jarosz@epfl.ch')]
2011-09-15 12:21:36,862 User belongs to the following groups: (1, 2)
2011-09-15 12:21:36,862 User has the following permissions: (u'admin', u'user')
2011-09-15 12:21:36,888 no challenge required
2011-09-15 12:21:36,889 -- repoze.who request ended (/_debug/media/pylons/img/pylons-tower120.png) --
